<?xml version="1.0" encoding="UTF-8"?>
<!-- Generated by org.testng.reporters.JUnitReportReporter -->
<testsuite hostname="SHIKHAPANDEY" failures="0" tests="1" name="com.goibibo.testScripts.TCOO4" time="24.451" errors="0" timestamp="8 Sep 2020 01:45:29 GMT">
  <testcase classname="com.goibibo.testScripts.TCOO4" name="f" time="24.451"/>
</testsuite> <!-- com.goibibo.testScripts.TCOO4 -->
