<?xml version="1.0" encoding="UTF-8"?>
<!-- Generated by org.testng.reporters.JUnitReportReporter -->
<testsuite hostname="SHIKHAPANDEY" failures="0" tests="1" name="com.goibibo.testScripts.TC003" time="32.815" errors="0" timestamp="12 Sep 2020 11:55:28 GMT">
  <testcase classname="com.goibibo.testScripts.TC003" name="searchReturnsNoResults" time="32.815"/>
</testsuite> <!-- com.goibibo.testScripts.TC003 -->
