<?xml version="1.0" encoding="UTF-8"?>
<!-- Generated by org.testng.reporters.JUnitReportReporter -->
<testsuite hostname="SHIKHAPANDEY" failures="0" tests="2" name="com.goibibo.testScripts.TC004" time="28.075" errors="0" timestamp="12 Sep 2020 11:55:28 GMT">
  <testcase classname="com.goibibo.testScripts.TC004" name="roundTripFlightSearch" time="16.968"/>
  <testcase classname="com.goibibo.testScripts.TC004" name="selectFlights" time="11.107"/>
</testsuite> <!-- com.goibibo.testScripts.TC004 -->
