<?xml version="1.0" encoding="UTF-8"?>
<!-- Generated by org.testng.reporters.JUnitReportReporter -->
<testsuite hostname="SHIKHAPANDEY" failures="0" tests="1" name="com.goibibo.testScripts.ScrollExample" time="14.157" errors="0" timestamp="8 Sep 2020 01:02:58 GMT">
  <testcase classname="com.goibibo.testScripts.ScrollExample" name="f" time="14.157"/>
</testsuite> <!-- com.goibibo.testScripts.ScrollExample -->
