<?xml version="1.0" encoding="UTF-8"?>
<!-- Generated by org.testng.reporters.JUnitReportReporter -->
<testsuite hostname="SHIKHAPANDEY" failures="0" tests="1" name="com.goibibo.testScripts.TC001" time="15.012" errors="0" timestamp="12 Sep 2020 11:55:28 GMT">
  <testcase classname="com.goibibo.testScripts.TC001" name="defaulPageIsFlightSearch" time="15.012"/>
</testsuite> <!-- com.goibibo.testScripts.TC001 -->
