<?xml version="1.0" encoding="UTF-8"?>
<!-- Generated by org.testng.reporters.JUnitReportReporter -->
<testsuite hostname="SHIKHAPANDEY" failures="0" tests="1" name="com.goibibo.utilities.ScreenShot" time="13.555" errors="0" timestamp="9 Sep 2020 16:12:01 GMT">
  <testcase classname="com.goibibo.utilities.ScreenShot" name="f" time="13.555"/>
</testsuite> <!-- com.goibibo.utilities.ScreenShot -->
